# JRE version: OpenJDK Runtime Environment (8.0_222-b10) (build 1.8.0_222-8u222-b10-1ubuntu1~18.04.1-b10)
# Java VM: OpenJDK 64-Bit Server VM (25.222-b10 mixed mode linux-amd64 compressed oops)
Heap:
 PSYoungGen      total 477184K, used 0K [0x00000000d7180000, 0x0000000100000000, 0x0000000100000000)
  eden space 284160K, 0% used [0x00000000d7180000,0x00000000d7180000,0x00000000e8700000)
  from space 193024K, 0% used [0x00000000e8700000,0x00000000e8700000,0x00000000f4380000)
  to   space 180736K, 0% used [0x00000000f4f80000,0x00000000f4f80000,0x0000000100000000)
 ParOldGen       total 529408K, used 499692K [0x0000000085400000, 0x00000000a5900000, 0x00000000d7180000)
  object space 529408K, 94% used [0x0000000085400000,0x00000000a3bfb180,0x00000000a5900000)
 Metaspace       used 13827K, capacity 14054K, committed 14336K, reserved 1062912K
  class space    used 1587K, capacity 1717K, committed 1792K, reserved 1048576K
GC Heap History (10 events):
Event: 76,651 GC heap after
Heap after GC invocations=23 (full 3):
 PSYoungGen      total 469504K, used 109568K [0x00000000d7180000, 0x0000000100000000, 0x0000000100000000)
  eden space 359936K, 0% used [0x00000000d7180000,0x00000000d7180000,0x00000000ed100000)
  from space 109568K, 100% used [0x00000000f8c00000,0x00000000ff700000,0x00000000ff700000)
  to   space 155136K, 0% used [0x00000000ed100000,0x00000000ed100000,0x00000000f6880000)
 ParOldGen       total 344064K, used 315413K [0x0000000085400000, 0x000000009a400000, 0x00000000d7180000)
  object space 344064K, 91% used [0x0000000085400000,0x00000000988054b8,0x000000009a400000)
 Metaspace       used 13827K, capacity 14054K, committed 14336K, reserved 1062912K
  class space    used 1587K, capacity 1717K, committed 1792K, reserved 1048576K
}
Event: 76,651 GC heap before
{Heap before GC invocations=24 (full 4):
 PSYoungGen      total 469504K, used 109568K [0x00000000d7180000, 0x0000000100000000, 0x0000000100000000)
  eden space 359936K, 0% used [0x00000000d7180000,0x00000000d7180000,0x00000000ed100000)
  from space 109568K, 100% used [0x00000000f8c00000,0x00000000ff700000,0x00000000ff700000)
  to   space 155136K, 0% used [0x00000000ed100000,0x00000000ed100000,0x00000000f6880000)
 ParOldGen       total 344064K, used 315413K [0x0000000085400000, 0x000000009a400000, 0x00000000d7180000)
  object space 344064K, 91% used [0x0000000085400000,0x00000000988054b8,0x000000009a400000)
 Metaspace       used 13827K, capacity 14054K, committed 14336K, reserved 1062912K
  class space    used 1587K, capacity 1717K, committed 1792K, reserved 1048576K
Event: 78,380 GC heap after
Heap after GC invocations=24 (full 4):
 PSYoungGen      total 469504K, used 7672K [0x00000000d7180000, 0x0000000100000000, 0x0000000100000000)
  eden space 359936K, 0% used [0x00000000d7180000,0x00000000d7180000,0x00000000ed100000)
  from space 109568K, 7% used [0x00000000f8c00000,0x00000000f937e200,0x00000000ff700000)
  to   space 155136K, 0% used [0x00000000ed100000,0x00000000ed100000,0x00000000f6880000)
 ParOldGen       total 507904K, used 343687K [0x0000000085400000, 0x00000000a4400000, 0x00000000d7180000)
  object space 507904K, 67% used [0x0000000085400000,0x000000009a3a1c20,0x00000000a4400000)
 Metaspace       used 13827K, capacity 14054K, committed 14336K, reserved 1062912K
  class space    used 1587K, capacity 1717K, committed 1792K, reserved 1048576K
}
Event: 81,960 GC heap before
{Heap before GC invocations=25 (full 4):
 PSYoungGen      total 469504K, used 367608K [0x00000000d7180000, 0x0000000100000000, 0x0000000100000000)
  eden space 359936K, 100% used [0x00000000d7180000,0x00000000ed100000,0x00000000ed100000)
  from space 109568K, 7% used [0x00000000f8c00000,0x00000000f937e200,0x00000000ff700000)
  to   space 155136K, 0% used [0x00000000ed100000,0x00000000ed100000,0x00000000f6880000)
 ParOldGen       total 507904K, used 343687K [0x0000000085400000, 0x00000000a4400000, 0x00000000d7180000)
  object space 507904K, 67% used [0x0000000085400000,0x000000009a3a1c20,0x00000000a4400000)
 Metaspace       used 13827K, capacity 14054K, committed 14336K, reserved 1062912K
  class space    used 1587K, capacity 1717K, committed 1792K, reserved 1048576K
Event: 82,300 GC heap after
Heap after GC invocations=25 (full 4):
 PSYoungGen      total 450048K, used 89632K [0x00000000d7180000, 0x0000000100000000, 0x0000000100000000)
  eden space 359936K, 0% used [0x00000000d7180000,0x00000000d7180000,0x00000000ed100000)
  from space 90112K, 99% used [0x00000000ed100000,0x00000000f2888000,0x00000000f2900000)
  to   space 158720K, 0% used [0x00000000f6500000,0x00000000f6500000,0x0000000100000000)
 ParOldGen       total 507904K, used 351407K [0x0000000085400000, 0x00000000a4400000, 0x00000000d7180000)
  object space 507904K, 69% used [0x0000000085400000,0x000000009ab2bc20,0x00000000a4400000)
 Metaspace       used 13827K, capacity 14054K, committed 14336K, reserved 1062912K
  class space    used 1587K, capacity 1717K, committed 1792K, reserved 1048576K
}
Event: 85,983 GC heap before
{Heap before GC invocations=26 (full 4):
 PSYoungGen      total 450048K, used 449568K [0x00000000d7180000, 0x0000000100000000, 0x0000000100000000)
  eden space 359936K, 100% used [0x00000000d7180000,0x00000000ed100000,0x00000000ed100000)
  from space 90112K, 99% used [0x00000000ed100000,0x00000000f2888000,0x00000000f2900000)
  to   space 158720K, 0% used [0x00000000f6500000,0x00000000f6500000,0x0000000100000000)
 ParOldGen       total 507904K, used 351407K [0x0000000085400000, 0x00000000a4400000, 0x00000000d7180000)
  object space 507904K, 69% used [0x0000000085400000,0x000000009ab2bc20,0x00000000a4400000)
 Metaspace       used 13827K, capacity 14054K, committed 14336K, reserved 1062912K
  class space    used 1587K, capacity 1717K, committed 1792K, reserved 1048576K
Event: 86,578 GC heap after
Heap after GC invocations=26 (full 4):
 PSYoungGen      total 442880K, used 158720K [0x00000000d7180000, 0x0000000100000000, 0x0000000100000000)
  eden space 284160K, 0% used [0x00000000d7180000,0x00000000d7180000,0x00000000e8700000)
  from space 158720K, 100% used [0x00000000f6500000,0x0000000100000000,0x0000000100000000)
  to   space 193024K, 0% used [0x00000000e8700000,0x00000000e8700000,0x00000000f4380000)
 ParOldGen       total 507904K, used 369775K [0x0000000085400000, 0x00000000a4400000, 0x00000000d7180000)
  object space 507904K, 72% used [0x0000000085400000,0x000000009bd1bc20,0x00000000a4400000)
 Metaspace       used 13827K, capacity 14054K, committed 14336K, reserved 1062912K
  class space    used 1587K, capacity 1717K, committed 1792K, reserved 1048576K
}
Event: 89,541 GC heap before
{Heap before GC invocations=27 (full 4):
 PSYoungGen      total 442880K, used 442880K [0x00000000d7180000, 0x0000000100000000, 0x0000000100000000)
  eden space 284160K, 100% used [0x00000000d7180000,0x00000000e8700000,0x00000000e8700000)
  from space 158720K, 100% used [0x00000000f6500000,0x0000000100000000,0x0000000100000000)
  to   space 193024K, 0% used [0x00000000e8700000,0x00000000e8700000,0x00000000f4380000)
 ParOldGen       total 507904K, used 369775K [0x0000000085400000, 0x00000000a4400000, 0x00000000d7180000)
  object space 507904K, 72% used [0x0000000085400000,0x000000009bd1bc20,0x00000000a4400000)
 Metaspace       used 13827K, capacity 14054K, committed 14336K, reserved 1062912K
  class space    used 1587K, capacity 1717K, committed 1792K, reserved 1048576K
Event: 90,308 GC heap after
Heap after GC invocations=27 (full 4):
 PSYoungGen      total 477184K, used 68512K [0x00000000d7180000, 0x0000000100000000, 0x0000000100000000)
  eden space 284160K, 0% used [0x00000000d7180000,0x00000000d7180000,0x00000000e8700000)
  from space 193024K, 35% used [0x00000000e8700000,0x00000000ec9e8000,0x00000000f4380000)
  to   space 180736K, 0% used [0x00000000f4f80000,0x00000000f4f80000,0x0000000100000000)
 ParOldGen       total 529408K, used 528951K [0x0000000085400000, 0x00000000a5900000, 0x00000000d7180000)
  object space 529408K, 99% used [0x0000000085400000,0x00000000a588dc20,0x00000000a5900000)
 Metaspace       used 13827K, capacity 14054K, committed 14336K, reserved 1062912K
  class space    used 1587K, capacity 1717K, committed 1792K, reserved 1048576K
}
Event: 90,323 GC heap before
{Heap before GC invocations=28 (full 5):
 PSYoungGen      total 477184K, used 68512K [0x00000000d7180000, 0x0000000100000000, 0x0000000100000000)
  eden space 284160K, 0% used [0x00000000d7180000,0x00000000d7180000,0x00000000e8700000)
  from space 193024K, 35% used [0x00000000e8700000,0x00000000ec9e8000,0x00000000f4380000)
  to   space 180736K, 0% used [0x00000000f4f80000,0x00000000f4f80000,0x0000000100000000)
 ParOldGen       total 529408K, used 528951K [0x0000000085400000, 0x00000000a5900000, 0x00000000d7180000)
  object space 529408K, 99% used [0x0000000085400000,0x00000000a588dc20,0x00000000a5900000)
 Metaspace       used 13827K, capacity 14054K, committed 14336K, reserved 1062912K
  class space    used 1587K, capacity 1717K, committed 1792K, reserved 1048576K

